<component name="libraryTable">
  <library name="junit">
    <CLASSES>
      <root url="jar://C:/Development/module8/hamcrest-core-1.3.jar!/" />
      <root url="jar://C:/Development/module8/junit-4.12.jar!/" />
    </CLASSES>
    <JAVADOC />
    <SOURCES />
  </library>
</component>